%!Adobe-FontList 1.25
%Locale:0x409

%BeginFont
Handler:DirectoryHandler
FontType:Invalid
OutlineFileName:/Users/tessderby/Documents/SOIRAVE 2026/SOIRAVE Web Outline Folder 1/Document fonts/AdobeFnt25.lst
FileLength:1169
FileModTime:796420520
%EndFont

%BeginFont
Handler:DirectoryHandler
FontType:TrueType
FontName:Inversionz
FamilyName:Inversionz
StyleName:Regular
MenuName:Inversionz
StyleBits:0
WeightClass:400
WidthClass:5
AngleClass:0
FullName:Inversionz
WritingScript:Roman
OutlineFileName:/Users/tessderby/Documents/SOIRAVE 2026/SOIRAVE Web Outline Folder 1/Document fonts/Inversionz.ttf
DataFormat:sfntData
hasSVG:no
hasSBIX:no
hasCOLR:no
VariableFontType:NonVariableFont
FileLength:13428
FileModTime:523410628
NameArray:0,Mac,4,Inversionz
NameArray:0,Win,1,Inversionz
%EndFont

%BeginFont
Handler:DirectoryHandler
FontType:Type1
FontName:MinionPro-Regular
FamilyName:Minion Pro
StyleName:Regular
MenuName:Minion Pro
StyleBits:0
WeightClass:400
WidthClass:5
AngleClass:0
FullName:Minion Pro
WritingScript:Roman
OutlineFileName:/Users/tessderby/Documents/SOIRAVE 2026/SOIRAVE Web Outline Folder 1/Document fonts/MinionPro-Regular.otf
DataFormat:sfntData
UsesStandardEncoding:yes
isCFF:yes
hasSVG:no
hasSBIX:no
hasCOLR:no
VariableFontType:NonVariableFont
FileLength:218640
FileModTime:791477149
DesignSize:110
NameArray:0,Mac,4,Minion Pro
NameArray:0,Win,1,Minion Pro
%EndFont

